

times in msec
 clock   self+sourced   self:  sourced script
 clock   elapsed:              other lines

000.011  000.011: --- NVIM STARTING ---
001.106  001.095: locale set
001.936  000.830: inits 1
001.968  000.032: window checked
001.972  000.004: parsing arguments
002.256  000.284: expanding arguments
002.339  000.083: inits 2
002.735  000.395: init highlight
002.736  000.001: waiting for UI
005.820  003.084: done waiting for UI
005.839  000.019: init screen for UI
047.270  020.084  020.084: sourcing /Users/lukamanitta/.local/share/nvim/site/pack/packer/start/tokyonight.nvim/colors/tokyonight.vim
051.597  003.302  003.302: sourcing /Users/lukamanitta/.local/share/nvim/site/pack/packer/start/tokyonight.nvim/colors/tokyonight.vim
065.398  000.438  000.438: sourcing /Users/lukamanitta/.local/share/nvim/site/pack/packer/start/nvim-treesitter/ftdetect/elixir.vim
066.179  000.457  000.457: sourcing /Users/lukamanitta/.local/share/nvim/site/pack/packer/start/nvim-treesitter/ftdetect/fennel.vim
066.653  000.316  000.316: sourcing /Users/lukamanitta/.local/share/nvim/site/pack/packer/start/nvim-treesitter/ftdetect/fish.vim
067.457  000.439  000.439: sourcing /Users/lukamanitta/.local/share/nvim/site/pack/packer/start/nvim-treesitter/ftdetect/fusion.vim
068.011  000.419  000.419: sourcing /Users/lukamanitta/.local/share/nvim/site/pack/packer/start/nvim-treesitter/ftdetect/gdresource.vim
068.650  000.492  000.492: sourcing /Users/lukamanitta/.local/share/nvim/site/pack/packer/start/nvim-treesitter/ftdetect/gdscript.vim
069.098  000.314  000.314: sourcing /Users/lukamanitta/.local/share/nvim/site/pack/packer/start/nvim-treesitter/ftdetect/glimmer.vim
069.624  000.378  000.378: sourcing /Users/lukamanitta/.local/share/nvim/site/pack/packer/start/nvim-treesitter/ftdetect/glsl.vim
070.272  000.467  000.467: sourcing /Users/lukamanitta/.local/share/nvim/site/pack/packer/start/nvim-treesitter/ftdetect/gomod.vim
070.983  000.526  000.526: sourcing /Users/lukamanitta/.local/share/nvim/site/pack/packer/start/nvim-treesitter/ftdetect/graphql.vim
071.689  000.485  000.485: sourcing /Users/lukamanitta/.local/share/nvim/site/pack/packer/start/nvim-treesitter/ftdetect/hcl.vim
072.315  000.327  000.327: sourcing /Users/lukamanitta/.local/share/nvim/site/pack/packer/start/nvim-treesitter/ftdetect/heex.vim
072.775  000.320  000.320: sourcing /Users/lukamanitta/.local/share/nvim/site/pack/packer/start/nvim-treesitter/ftdetect/hjson.vim
073.264  000.354  000.354: sourcing /Users/lukamanitta/.local/share/nvim/site/pack/packer/start/nvim-treesitter/ftdetect/json5.vim
073.913  000.473  000.473: sourcing /Users/lukamanitta/.local/share/nvim/site/pack/packer/start/nvim-treesitter/ftdetect/julia.vim
074.545  000.439  000.439: sourcing /Users/lukamanitta/.local/share/nvim/site/pack/packer/start/nvim-treesitter/ftdetect/ledger.vim
075.119  000.381  000.381: sourcing /Users/lukamanitta/.local/share/nvim/site/pack/packer/start/nvim-treesitter/ftdetect/nix.vim
075.739  000.444  000.444: sourcing /Users/lukamanitta/.local/share/nvim/site/pack/packer/start/nvim-treesitter/ftdetect/prisma.vim
076.283  000.369  000.369: sourcing /Users/lukamanitta/.local/share/nvim/site/pack/packer/start/nvim-treesitter/ftdetect/pug.vim
076.841  000.383  000.383: sourcing /Users/lukamanitta/.local/share/nvim/site/pack/packer/start/nvim-treesitter/ftdetect/ql.vim
077.401  000.386  000.386: sourcing /Users/lukamanitta/.local/share/nvim/site/pack/packer/start/nvim-treesitter/ftdetect/query.vim
077.985  000.412  000.412: sourcing /Users/lukamanitta/.local/share/nvim/site/pack/packer/start/nvim-treesitter/ftdetect/surface.vim
078.543  000.384  000.384: sourcing /Users/lukamanitta/.local/share/nvim/site/pack/packer/start/nvim-treesitter/ftdetect/teal.vim
079.099  000.381  000.381: sourcing /Users/lukamanitta/.local/share/nvim/site/pack/packer/start/nvim-treesitter/ftdetect/tlaplus.vim
079.724  000.452  000.452: sourcing /Users/lukamanitta/.local/share/nvim/site/pack/packer/start/nvim-treesitter/ftdetect/yang.vim
080.473  000.525  000.525: sourcing /Users/lukamanitta/.local/share/nvim/site/pack/packer/start/nvim-treesitter/ftdetect/zig.vim
083.059  031.209  020.446: sourcing /usr/local/Cellar/neovim/0.5.1_1/share/nvim/runtime/filetype.vim
084.834  000.781  000.781: sourcing /usr/local/Cellar/neovim/0.5.1_1/share/nvim/runtime/ftplugin.vim
086.144  000.475  000.475: sourcing /usr/local/Cellar/neovim/0.5.1_1/share/nvim/runtime/indent.vim
183.921  177.497  121.646: sourcing /Users/lukamanitta/.config/nvim/init.lua
183.969  000.633: sourcing vimrc file(s)
189.188  001.472  001.472: sourcing /usr/local/Cellar/neovim/0.5.1_1/share/nvim/runtime/syntax/syncolor.vim
192.369  006.335  004.863: sourcing /Users/lukamanitta/.local/share/nvim/site/pack/packer/start/tokyonight.nvim/colors/tokyonight.vim
192.499  007.478  001.143: sourcing /usr/local/Cellar/neovim/0.5.1_1/share/nvim/runtime/syntax/synload.vim
192.608  008.499  001.021: sourcing /usr/local/Cellar/neovim/0.5.1_1/share/nvim/runtime/syntax/syntax.vim
203.249  000.624  000.624: sourcing /usr/local/Cellar/neovim/0.5.1_1/share/nvim/runtime/plugin/gzip.vim
203.813  000.409  000.409: sourcing /usr/local/Cellar/neovim/0.5.1_1/share/nvim/runtime/plugin/health.vim
204.534  000.558  000.558: sourcing /usr/local/Cellar/neovim/0.5.1_1/share/nvim/runtime/plugin/man.vim
208.681  000.791  000.791: sourcing /usr/local/Cellar/neovim/0.5.1_1/share/nvim/runtime/pack/dist/opt/matchit/plugin/matchit.vim
208.982  004.284  003.493: sourcing /usr/local/Cellar/neovim/0.5.1_1/share/nvim/runtime/plugin/matchit.vim
210.013  000.929  000.929: sourcing /usr/local/Cellar/neovim/0.5.1_1/share/nvim/runtime/plugin/matchparen.vim
211.832  001.655  001.655: sourcing /usr/local/Cellar/neovim/0.5.1_1/share/nvim/runtime/plugin/netrwPlugin.vim
213.300  000.602  000.602: sourcing /Users/lukamanitta/.local/share/nvim/rplugin.vim
213.328  001.297  000.695: sourcing /usr/local/Cellar/neovim/0.5.1_1/share/nvim/runtime/plugin/rplugin.vim
214.131  000.532  000.532: sourcing /usr/local/Cellar/neovim/0.5.1_1/share/nvim/runtime/plugin/shada.vim
214.635  000.348  000.348: sourcing /usr/local/Cellar/neovim/0.5.1_1/share/nvim/runtime/plugin/spellfile.vim
215.370  000.596  000.596: sourcing /usr/local/Cellar/neovim/0.5.1_1/share/nvim/runtime/plugin/tarPlugin.vim
216.469  000.927  000.927: sourcing /usr/local/Cellar/neovim/0.5.1_1/share/nvim/runtime/plugin/tohtml.vim
217.130  000.320  000.320: sourcing /usr/local/Cellar/neovim/0.5.1_1/share/nvim/runtime/plugin/tutor.vim
217.920  000.647  000.647: sourcing /usr/local/Cellar/neovim/0.5.1_1/share/nvim/runtime/plugin/zipPlugin.vim
428.238  209.890  209.890: sourcing /Users/lukamanitta/.config/nvim/plugin/packer_compiled.lua
429.280  013.797: loading plugins
434.080  001.688  001.688: sourcing /Users/lukamanitta/.local/share/nvim/site/pack/packer/start/ale/autoload/ale/events.vim
434.667  004.262  002.574: sourcing /Users/lukamanitta/.local/share/nvim/site/pack/packer/start/ale/plugin/ale.vim
438.087  001.607  001.607: sourcing /Users/lukamanitta/.local/share/nvim/site/pack/packer/start/auto-pairs/plugin/auto-pairs.vim
441.116  001.508  001.508: sourcing /Users/lukamanitta/.local/share/nvim/site/pack/packer/start/CamelCaseMotion/plugin/camelcasemotion.vim
445.270  000.518  000.518: sourcing /Users/lukamanitta/.local/share/nvim/site/pack/packer/start/indent-blankline.nvim/autoload/indent_blankline.vim
445.615  002.908  002.390: sourcing /Users/lukamanitta/.local/share/nvim/site/pack/packer/start/indent-blankline.nvim/plugin/indent_blankline.vim
447.043  000.755  000.755: sourcing /Users/lukamanitta/.local/share/nvim/site/pack/packer/start/lspsaga.nvim/plugin/lspsaga.vim
448.380  000.314  000.314: sourcing /Users/lukamanitta/.local/share/nvim/site/pack/packer/start/nvim-colorizer.lua/plugin/colorizer.vim
450.610  000.713  000.713: sourcing /Users/lukamanitta/.local/share/nvim/site/pack/packer/start/nvim-compe/plugin/compe.vim
452.974  000.574  000.574: sourcing /Users/lukamanitta/.local/share/nvim/site/pack/packer/start/nvim-cursorline/plugin/nvim-cursorline.vim
455.570  001.436  001.436: sourcing /Users/lukamanitta/.local/share/nvim/site/pack/packer/start/nvim-gps/plugin/nvim-gps.vim
457.928  000.597  000.597: sourcing /Users/lukamanitta/.local/share/nvim/site/pack/packer/start/nvim-lsp-installer/plugin/nvim-lsp-installer.vim
464.863  005.208  005.208: sourcing /Users/lukamanitta/.local/share/nvim/site/pack/packer/start/nvim-lspconfig/plugin/lspconfig.vim
467.736  001.235  001.235: sourcing /Users/lukamanitta/.local/share/nvim/site/pack/packer/start/nvim-treesitter/plugin/nvim-treesitter.vim
469.045  000.073  000.073: sourcing /Users/lukamanitta/.local/share/nvim/site/pack/packer/start/nvim-treesitter/ftdetect/elixir.vim
469.171  000.041  000.041: sourcing /Users/lukamanitta/.local/share/nvim/site/pack/packer/start/nvim-treesitter/ftdetect/fennel.vim
469.293  000.045  000.045: sourcing /Users/lukamanitta/.local/share/nvim/site/pack/packer/start/nvim-treesitter/ftdetect/fish.vim
469.406  000.038  000.038: sourcing /Users/lukamanitta/.local/share/nvim/site/pack/packer/start/nvim-treesitter/ftdetect/fusion.vim
469.520  000.042  000.042: sourcing /Users/lukamanitta/.local/share/nvim/site/pack/packer/start/nvim-treesitter/ftdetect/gdresource.vim
469.629  000.037  000.037: sourcing /Users/lukamanitta/.local/share/nvim/site/pack/packer/start/nvim-treesitter/ftdetect/gdscript.vim
469.737  000.036  000.036: sourcing /Users/lukamanitta/.local/share/nvim/site/pack/packer/start/nvim-treesitter/ftdetect/glimmer.vim
469.857  000.049  000.049: sourcing /Users/lukamanitta/.local/share/nvim/site/pack/packer/start/nvim-treesitter/ftdetect/glsl.vim
469.971  000.042  000.042: sourcing /Users/lukamanitta/.local/share/nvim/site/pack/packer/start/nvim-treesitter/ftdetect/gomod.vim
470.083  000.039  000.039: sourcing /Users/lukamanitta/.local/share/nvim/site/pack/packer/start/nvim-treesitter/ftdetect/graphql.vim
470.194  000.040  000.040: sourcing /Users/lukamanitta/.local/share/nvim/site/pack/packer/start/nvim-treesitter/ftdetect/hcl.vim
470.298  000.033  000.033: sourcing /Users/lukamanitta/.local/share/nvim/site/pack/packer/start/nvim-treesitter/ftdetect/heex.vim
470.401  000.033  000.033: sourcing /Users/lukamanitta/.local/share/nvim/site/pack/packer/start/nvim-treesitter/ftdetect/hjson.vim
470.507  000.035  000.035: sourcing /Users/lukamanitta/.local/share/nvim/site/pack/packer/start/nvim-treesitter/ftdetect/json5.vim
470.610  000.031  000.031: sourcing /Users/lukamanitta/.local/share/nvim/site/pack/packer/start/nvim-treesitter/ftdetect/julia.vim
470.716  000.035  000.035: sourcing /Users/lukamanitta/.local/share/nvim/site/pack/packer/start/nvim-treesitter/ftdetect/ledger.vim
470.816  000.030  000.030: sourcing /Users/lukamanitta/.local/share/nvim/site/pack/packer/start/nvim-treesitter/ftdetect/nix.vim
470.917  000.029  000.029: sourcing /Users/lukamanitta/.local/share/nvim/site/pack/packer/start/nvim-treesitter/ftdetect/prisma.vim
471.016  000.028  000.028: sourcing /Users/lukamanitta/.local/share/nvim/site/pack/packer/start/nvim-treesitter/ftdetect/pug.vim
471.115  000.029  000.029: sourcing /Users/lukamanitta/.local/share/nvim/site/pack/packer/start/nvim-treesitter/ftdetect/ql.vim
471.233  000.047  000.047: sourcing /Users/lukamanitta/.local/share/nvim/site/pack/packer/start/nvim-treesitter/ftdetect/query.vim
471.334  000.027  000.027: sourcing /Users/lukamanitta/.local/share/nvim/site/pack/packer/start/nvim-treesitter/ftdetect/surface.vim
471.431  000.026  000.026: sourcing /Users/lukamanitta/.local/share/nvim/site/pack/packer/start/nvim-treesitter/ftdetect/teal.vim
471.528  000.026  000.026: sourcing /Users/lukamanitta/.local/share/nvim/site/pack/packer/start/nvim-treesitter/ftdetect/tlaplus.vim
471.623  000.025  000.025: sourcing /Users/lukamanitta/.local/share/nvim/site/pack/packer/start/nvim-treesitter/ftdetect/yang.vim
471.718  000.024  000.024: sourcing /Users/lukamanitta/.local/share/nvim/site/pack/packer/start/nvim-treesitter/ftdetect/zig.vim
477.672  004.598  004.598: sourcing /Users/lukamanitta/.local/share/nvim/site/pack/packer/start/nvim-ts-autotag/plugin/nvim-ts-autotag.vim
480.349  001.341  001.341: sourcing /Users/lukamanitta/.local/share/nvim/site/pack/packer/start/nvim-ts-context-commentstring/plugin/ts_context_commentstring.vim
481.934  000.447  000.447: sourcing /Users/lukamanitta/.local/share/nvim/site/pack/packer/start/nvim-web-devicons/plugin/nvim-web-devicons.vim
483.451  000.362  000.362: sourcing /Users/lukamanitta/.local/share/nvim/site/pack/packer/start/plenary.nvim/plugin/plenary.vim
486.657  001.357  001.357: sourcing /Users/lukamanitta/.local/share/nvim/site/pack/packer/start/telescope.nvim/plugin/telescope.vim
488.842  000.817  000.817: sourcing /Users/lukamanitta/.local/share/nvim/site/pack/packer/start/trouble.nvim/plugin/trouble.vim
497.999  007.774  007.774: sourcing /Users/lukamanitta/.local/share/nvim/site/pack/packer/start/vim-easymotion/plugin/EasyMotion.vim
500.426  000.529  000.529: sourcing /Users/lukamanitta/.local/share/nvim/site/pack/packer/start/vim-matchup/autoload/matchup/unmatchit.vim
501.259  000.105  000.105: sourcing /usr/local/Cellar/neovim/0.5.1_1/share/nvim/runtime/plugin/matchparen.vim
504.269  001.949  001.949: sourcing /Users/lukamanitta/.local/share/nvim/site/pack/packer/start/vim-matchup/autoload/matchup.vim
505.467  000.938  000.938: sourcing /Users/lukamanitta/.local/share/nvim/site/pack/packer/start/vim-matchup/autoload/matchup/perf.vim
507.692  001.561  001.561: sourcing /Users/lukamanitta/.local/share/nvim/site/pack/packer/start/vim-matchup/autoload/matchup/loader.vim
510.281  001.926  001.926: sourcing /Users/lukamanitta/.local/share/nvim/site/pack/packer/start/vim-matchup/autoload/matchup/matchparen.vim
512.830  013.680  006.673: sourcing /Users/lukamanitta/.local/share/nvim/site/pack/packer/start/vim-matchup/plugin/matchup.vim
515.618  001.428  001.428: sourcing /Users/lukamanitta/.local/share/nvim/site/pack/packer/start/vim-surround/plugin/surround.vim
517.121  000.340  000.340: sourcing /Users/lukamanitta/.local/share/nvim/site/pack/packer/start/which-key.nvim/plugin/which-key.vim
517.590  034.105: loading packages
518.486  000.055  000.055: sourcing /Users/lukamanitta/.local/share/nvim/site/pack/packer/start/vim-matchup/after/plugin/matchit.vim
533.011  014.157  014.157: sourcing /Users/lukamanitta/.local/share/nvim/site/pack/packer/start/nvim-compe/after/plugin/compe.vim
533.884  002.082: loading after plugins
533.899  000.015: inits 3
538.241  004.342: reading ShaDa
541.722  001.512  001.512: sourcing /Users/lukamanitta/.local/share/nvim/site/pack/packer/start/ale/autoload/ale.vim
544.688  000.414  000.414: sourcing /Users/lukamanitta/.local/share/nvim/site/pack/packer/start/vim-matchup/autoload/matchup/ts_engine.vim
550.145  000.356  000.356: sourcing /Users/lukamanitta/.local/share/nvim/site/pack/packer/start/vim-matchup/autoload/matchup/re.vim
550.598  010.074: opening buffers
551.481  000.883: BufEnter autocommands
551.485  000.004: editing files in windows
589.437  037.952: VimEnter autocommands
589.444  000.006: UIEnter autocommands
589.446  000.003: before starting main loop
590.802  000.587  000.587: sourcing /Users/lukamanitta/.local/share/nvim/site/pack/packer/start/vim-matchup/autoload/matchup/pos.vim
641.487  051.453: first screen update
641.491  000.004: --- NVIM STARTED ---
